<?xml version="1.0" encoding="UTF-8"?>
<!-- Generated by org.testng.reporters.JUnitXMLReporter -->
<testsuite hostname="Akshay-desktop" ignored="0" name="IMM Application Test Cases" tests="12" failures="1" timestamp="27 Aug 2018 06:41:18 GMT" time="252.372" errors="0">
  <testcase name="verifyCategoryPageLabelTest" time="6.13" classname="com.imm.qa.testcases.CategoryDashboardTest"/>
  <testcase name="loginPageTitleTest" time="0.018" classname="com.imm.qa.testcases.LoginPageTest"/>
  <testcase name="verifyHomePageTitleTest" time="0.017" classname="com.imm.qa.testcases.HomePageTest"/>
  <testcase name="verifyClickOnCategoryTest" time="16.947" classname="com.imm.qa.testcases.CategoryDashboardTest"/>
  <testcase name="immLogoImageTest" time="5.719" classname="com.imm.qa.testcases.LoginPageTest"/>
  <testcase name="verifyUserNameTest" time="6.635" classname="com.imm.qa.testcases.HomePageTest"/>
  <testcase name="loginTest" time="4.229" classname="com.imm.qa.testcases.LoginPageTest"/>
  <testcase name="verifyCategoriesLinkTest" time="6.651" classname="com.imm.qa.testcases.HomePageTest"/>
  <testcase name="verifyImmLogoLinkTest" time="8.063" classname="com.imm.qa.testcases.HomePageTest"/>
  <testcase name="verifyCollectionLinkTest" time="4.43" classname="com.imm.qa.testcases.HomePageTest"/>
  <testcase name="verifyAddCollectionLinkTest" time="7.362" classname="com.imm.qa.testcases.HomePageTest"/>
  <testcase name="verifyEditCollectionLinkTest" time="30.095" classname="com.imm.qa.testcases.HomePageTest">
    <failure type="org.openqa.selenium.NoSuchElementException" message="no such element: Unable to locate element: {&amp;quot;method&amp;quot;:&amp;quot;xpath&amp;quot;,&amp;quot;selector&amp;quot;:&amp;quot;/html/body/imm-root/imm-product-collections/div/div/div[2]/imm-product-collection-detail/imm-product-collection-header/div/div[2]/div/imm-product-collection-edit/span/span/i[2]&amp;quot;}
  (Session info: chrome=68.0.3440.106)
  (Driver info: chromedriver=2.41.578700 (2f1ed5f9343c13f73144538f15c00b370eda6706),platform=Linux 4.15.0-32-generic x86_64) (WARNING: The server did not provide any stacktrace information)
Command duration or timeout: 0 milliseconds
For documentation on this error, please visit: http://seleniumhq.org/exceptions/no_such_element.html
Build info: version: &amp;apos;3.12.0&amp;apos;, revision: &amp;apos;7c6e0b3&amp;apos;, time: &amp;apos;2018-05-08T14:04:26.12Z&amp;apos;
System info: host: &amp;apos;Akshay-desktop&amp;apos;, ip: &amp;apos;127.0.1.1&amp;apos;, os.name: &amp;apos;Linux&amp;apos;, os.arch: &amp;apos;amd64&amp;apos;, os.version: &amp;apos;4.15.0-32-generic&amp;apos;, java.version: &amp;apos;1.8.0_181&amp;apos;
Driver info: org.openqa.selenium.chrome.ChromeDriver
Capabilities {acceptInsecureCerts: false, acceptSslCerts: false, applicationCacheEnabled: false, browserConnectionEnabled: false, browserName: chrome, chrome: {chromedriverVersion: 2.41.578700 (2f1ed5f9343c13..., userDataDir: /tmp/.org.chromium.Chromium...}, cssSelectorsEnabled: true, databaseEnabled: false, goog:chromeOptions: {debuggerAddress: localhost:37265}, handlesAlerts: true, hasTouchScreen: false, javascriptEnabled: true, locationContextEnabled: true, mobileEmulationEnabled: false, nativeEvents: true, networkConnectionEnabled: false, pageLoadStrategy: normal, platform: LINUX, platformName: LINUX, rotatable: false, setWindowRect: true, takesHeapSnapshot: true, takesScreenshot: true, unexpectedAlertBehaviour: , unhandledPromptBehavior: , version: 68.0.3440.106, webStorageEnabled: true}
Session ID: 2480db9fbb0bb85027b27cf2f42f0c31
*** Element info: {Using=xpath, value=/html/body/imm-root/imm-product-collections/div/div/div[2]/imm-product-collection-detail/imm-product-collection-header/div/div[2]/div/imm-product-collection-edit/span/span/i[2]}">
      <![CDATA[org.openqa.selenium.NoSuchElementException: no such element: Unable to locate element: {"method":"xpath","selector":"/html/body/imm-root/imm-product-collections/div/div/div[2]/imm-product-collection-detail/imm-product-collection-header/div/div[2]/div/imm-product-collection-edit/span/span/i[2]"}
  (Session info: chrome=68.0.3440.106)
  (Driver info: chromedriver=2.41.578700 (2f1ed5f9343c13f73144538f15c00b370eda6706),platform=Linux 4.15.0-32-generic x86_64) (WARNING: The server did not provide any stacktrace information)
Command duration or timeout: 0 milliseconds
For documentation on this error, please visit: http://seleniumhq.org/exceptions/no_such_element.html
Build info: version: '3.12.0', revision: '7c6e0b3', time: '2018-05-08T14:04:26.12Z'
System info: host: 'Akshay-desktop', ip: '127.0.1.1', os.name: 'Linux', os.arch: 'amd64', os.version: '4.15.0-32-generic', java.version: '1.8.0_181'
Driver info: org.openqa.selenium.chrome.ChromeDriver
Capabilities {acceptInsecureCerts: false, acceptSslCerts: false, applicationCacheEnabled: false, browserConnectionEnabled: false, browserName: chrome, chrome: {chromedriverVersion: 2.41.578700 (2f1ed5f9343c13..., userDataDir: /tmp/.org.chromium.Chromium...}, cssSelectorsEnabled: true, databaseEnabled: false, goog:chromeOptions: {debuggerAddress: localhost:37265}, handlesAlerts: true, hasTouchScreen: false, javascriptEnabled: true, locationContextEnabled: true, mobileEmulationEnabled: false, nativeEvents: true, networkConnectionEnabled: false, pageLoadStrategy: normal, platform: LINUX, platformName: LINUX, rotatable: false, setWindowRect: true, takesHeapSnapshot: true, takesScreenshot: true, unexpectedAlertBehaviour: , unhandledPromptBehavior: , version: 68.0.3440.106, webStorageEnabled: true}
Session ID: 2480db9fbb0bb85027b27cf2f42f0c31
*** Element info: {Using=xpath, value=/html/body/imm-root/imm-product-collections/div/div/div[2]/imm-product-collection-detail/imm-product-collection-header/div/div[2]/div/imm-product-collection-edit/span/span/i[2]}
at org.openqa.selenium.remote.ErrorHandler.createThrowable(ErrorHandler.java:214)
at org.openqa.selenium.remote.ErrorHandler.throwIfResponseFailed(ErrorHandler.java:166)
at org.openqa.selenium.remote.http.JsonHttpResponseCodec.reconstructValue(JsonHttpResponseCodec.java:40)
at org.openqa.selenium.remote.http.AbstractHttpResponseCodec.decode(AbstractHttpResponseCodec.java:80)
at org.openqa.selenium.remote.http.AbstractHttpResponseCodec.decode(AbstractHttpResponseCodec.java:44)
at org.openqa.selenium.remote.HttpCommandExecutor.execute(HttpCommandExecutor.java:158)
at org.openqa.selenium.remote.service.DriverCommandExecutor.execute(DriverCommandExecutor.java:83)
at org.openqa.selenium.remote.RemoteWebDriver.execute(RemoteWebDriver.java:543)
at org.openqa.selenium.remote.RemoteWebDriver.findElement(RemoteWebDriver.java:317)
at org.openqa.selenium.remote.RemoteWebDriver.findElementByXPath(RemoteWebDriver.java:419)
at org.openqa.selenium.By$ByXPath.findElement(By.java:353)
at org.openqa.selenium.remote.RemoteWebDriver.findElement(RemoteWebDriver.java:309)
at org.openqa.selenium.support.pagefactory.DefaultElementLocator.findElement(DefaultElementLocator.java:69)
at org.openqa.selenium.support.pagefactory.internal.LocatingElementHandler.invoke(LocatingElementHandler.java:38)
at com.sun.proxy.$Proxy9.click(Unknown Source)
at com.imm.qa.pages.HomePage.clickOnEditCollectionLink(HomePage.java:63)
at com.imm.qa.testcases.HomePageTest.verifyEditCollectionLinkTest(HomePageTest.java:72)
... Removed 29 stack frames]]>
    </failure>
  </testcase> <!-- verifyEditCollectionLinkTest -->
</testsuite> <!-- IMM Application Test Cases -->
